original string: 46threevqs8114
44
original string: threetwoonez1gtrd
31
original string: 6ffxbtff
66
original string: 769twotwo6rv9
79
original string: gjrcjrkvghthreegqqrg82qbct
32
original string: zkxjhgprtrlcfeight795five8
88
original string: 99seven3vdcgvmvxtjtwodc5
95
original string: three5eightthree3four3vtkkqrgxs
33
original string: four863mrrnrsxrkone
41
original string: sevenntgvnrrqfvxh2ttnkgffour8fiveone
71
original string: 49fbsfb
49
original string: 3rbmlsksg
33
original string: ztgszqjjsrtmgqx6572
62
original string: 3bqnfxkdbonesixseven
37
original string: mfgx32ftpbhgngm7
37
original string: fzrpfhbfvj6dbxbtfs7twofksfbshrzkdeightwoqg
62
original string: 2xcftwo
22
original string: cshmmltsml4fiveeightdn
48
original string: eightthsix1
81
original string: two1gvfxcqnrfnbeightthreexznhbmmk
23
original string: 3917sevenvxqxntcgxskh
37
original string: ksctcnfxdsk96drlbjkthreesfqlvnpvfbcbmg
93
original string: 8nvrmzfs46
86
original string: 5dbgltmgg1xvtqfkdxsrxzltwo1pgqlqndlc
51
original string: eight7four6rpbtmjzj5
85
original string: 41seven
47
original string: gpmfhninexxgqr6
96
original string: 15sixdrhxzcmqf
16
original string: 8fivettgmcslxptwofivelckzvfkl
85
original string: 67ninetjngsrvcpxb8eighteightwofh
62
original string: 4nine7oneighthm
48
original string: njtwonefvhjplkjgvsevenbjg77
27
original string: eighthrspkszngkpdtzdpcsmjnvlnhcm9pqmpkxqmbtmbv
89
original string: ninehthhgbfsrrbpn2qpcflhgdvh9twotpzkvzmmsj
92
original string: 6fourzpjthmkrkvqkvvp
64
original string: vnrnkfp6
66
original string: pfouronefour6
46
original string: 87fourmznhvmt7
87
original string: nxbssjc1sevenvrcjlczct6ninekclbffs
19
original string: eightrpzsdggsixthree9dhrnqtjcbxthree9
89
original string: pkcmnktzvdjtbbkvxhxpsfp8
88
original string: sffd124fkqsq1bd
11
original string: txzsmrzlcnnine72kgfkcf
92
original string: dbfbdskfdn5nine2sdr
52
original string: eightseven47six57
87
original string: 2eight634sixmlrkhrbslf
26
original string: hpeightwopgrqmblthree1fmfnvd
81
original string: 2jbbf
22
original string: vdsbvmjseven4eight195vdkfc4
74
original string: five3xjzlrmxvqznine
59
original string: nine4vqxmzqxcvfhlm45
95
original string: rtwo1
21
original string: six8jddkprxvbh98hd
68
original string: five5sevenfourfour4
54
original string: seventhree4lnxcvdprp66hsjfive
75
original string: ninevrxxhgvkghmcs8gsvplvsfour
94
original string: 6bkeight3fhkfqvvsbcsixljfive
65
original string: 6sixktwo
62
original string: lmscbrnlzmbqpl75ptwo64eightwoxcm
72
original string: 2sixfivetwoeightdpskxjtlrfive4
24
original string: 87gfmklvnzfz4594qlksr5
85
original string: five3one65
55
original string: vxrnhpvrrdd7nqdjfqnhfglfive7qqtzhcrk
77
original string: 7sixthree441pf16
76
original string: 11hrfdvdkf
11
original string: vst7three2vtwojrkdkjltgdt5
75
original string: vqmtwo5
25
original string: nffpcvfpjleightfiveeightknmjfive2
82
original string: ddfhzdndxvhcgjrcmqq158
18
original string: kkeightwo14
84
original string: 8onetwo
82
original string: sevenrslxphqpcpdnxhpzqdf1twoone9
79
original string: four8onelgqhkmxktf5six
46
original string: 8ckshssfour73twoone
81
original string: threethree8onefourkkhvfive4five
35
original string: 64xpzhxtsixseven59
69
original string: two8srjslxss
28
original string: sixsixninecpgjkfhzdqdjlc48seven
67
original string: lpjgghdtgk1sevenzpkmxzqxfourthreethree
13
original string: cvznpxfhj2jnlgmnbkdsix
26
original string: ninetwo1fournjqvsb
94
original string: sxhl3kc
33
original string: mtllnjrbscfkdhseveneightgjr4one
71
original string: qnineeighttwovjsnvs7five4svdmjt
94
original string: bcplhrpvmkxkjxlzl7zkbpdnoneninethreej
73
original string: 1mbmfktgtwonine
19
original string: 9threefkptqhhnine2six1fgxnvvfvplv
91
original string: 8onefourtwoxl42shxq3
83
original string: 38rlbhvlpeightfivelbcm3jfd
33
original string: 97one1threexjfsljjz41
91
original string: kqmkvmh1three9three74
14
original string: 3fivenineeightwod
32
original string: 6sixkgnqqb6
66
original string: sevenjdn8csthpjxgnd83
73
original string: qhssrppqxlone649
19
original string: 3gjpsncshmnhkdpzskmmfst3sixfive5
35
original string: fivejprgsxddzgcnrn6cpnxnj
56
original string: 4three3ninedqknine
49
original string: 61xfrcfseven6
66
original string: sfpqbxbdrhqkndfdpldvfive7gxmnthreetwofour
54
original string: lbvrzv2onec2six8three
23
original string: ninenine2grvzhgtgfourthree98
98
original string: 1579416
16
original string: 5fzcbbxzfjjtwo6k
56
original string: xmxbtqvnxf665lplnhlgjlkzhkkbknjcxqvkpsp3
63
original string: fivefive26fivefour5
55
original string: 5dbxqcbbkjonehseven
57
original string: 1k
11
original string: 8sixqmone9zthx6
86
original string: ldsmxpbkkx1rppscjfour3six
16
original string: fivethreethreekxzgqmrz8
58
original string: lxklrjjmqsix5snb7
67
original string: threethreetwothree6
36
original string: 8three6
86
original string: fnine7jmmseven3
93
original string: rfhlkhhlx8sjqgclvlsctwo
82
original string: vrzpdfjs5fxldpnhvhmmxhleight
58
original string: 9tmqznszjgrnlhnpxbc
99
original string: 3sxfscfseventhree
33
original string: 565vs2
52
original string: four86six6
46
original string: 16
16
original string: 4vbcrh
44
original string: 62jrjfrdcldbvjzhp
62
original string: onecsqpbrxpmqtrbbtxnrhkdlthree3s1six
16
original string: two798tqsjv
28
original string: znktgzzmtwo28
28
original string: 8hllzrjqhvfone
81
original string: tgnlbtc2ninejmcsixfour
24
original string: fivek1five
55
original string: rklpvqfvtwo3
23
original string: lgdgchcpcl55hfdmdj
55
original string: onesix7onefive9
19
original string: jrnthree46seven
37
original string: qqptcnrxlllvccssrkkmkxnz8
88
original string: cmfour8threelthree
43
original string: xfgqc36oneightvlx
38
original string: xrvrchbdhftgpn22fgmnhbrscfqrqpgzjmgfive1
21
original string: stwotwofourfourthree2
22
original string: eightjcfqthcvcgpxxl6j
86
original string: cjvfdgmplfeight9
89
original string: 591eightwoc
52
original string: jftninejfb11one1zqpnine
99
original string: threeqndgjdfive4fourhgcsbptb
34
original string: 7pmxvqdhbhf8six
76
original string: 67zhx64tlnjkvhvv5cblxd
65
original string: 29zqfive3jkzmbj1
21
original string: smvlmnph1seven
17
original string: 61four
64
original string: zjmgnbkoneczgsftnhtvfbtjvbjzpspcffrdkv8
18
original string: threesix4
34
original string: fhqm8
88
original string: ninefour1
91
original string: two422dqjqhvhbqkdqf4sixoneightgrd
28
original string: llnrdbhthree778dqzrcplfoureight
38
original string: eightjblmbgqhrj2onenineszr2two
82
original string: 8cxbxqssfkzpponeppcqsx
81
original string: seventzlsxrskxqm8threecrclkpqjpmeight1
71
original string: nine1twonem
91
original string: 6threeckmkktkvxjteight559ldn
69
original string: 2zxhldmvpqdcddsxpnnvrvxmc99
29
original string: fourone4dzftfnccnvzjdrg49seven
47
original string: 7eight44
74
original string: xmjqm8two47rpjfninethree
83
original string: 7zhmjjhtrqjcmfprhsix5twobfive4
74
original string: rccsqlt8
88
original string: seven6three
73
original string: lrbp3five19zxb45
35
original string: 8jlbtllzbtdgzbcfln929
89
original string: kdeightlfk9two2fhgshhbzhf
82
original string: dvxllmfourpzfpvch7
47
original string: four28
48
original string: 3threefour4hxmfbmjdheight
38
original string: 6twosphthbbqcltcgxm5ssvqndphrnine
69
original string: 438rrxntninetwophsix
46
original string: eight3eightnine1sevenxsvfr
87
original string: 4643kntqsvgqqtwo
42
original string: two8two
22
original string: 7gbxkjonetncmeight52
72
original string: kg517
57
original string: onetwo933
13
original string: fbdmpjrjsscsfvfntwofive8tzbrbjsj
28
original string: 7eightfive9nineninednsfhzvtonepccctxssbc
71
original string: 93twofour2eight
98
original string: 7bvzknzdmkjvrxkfngfnsd4foureight5
75
original string: onescsxpcfivelmqvfqxmc99vbshtgzjkjfour
14
original string: 1hvdnine1
11
original string: 542zhgcmvzcj3threefrvlcc
53
original string: sxfc95seven3
93
original string: nczqknxn4four7xj81r
41
original string: 8threefive
85
original string: 7zvhlf4
74
original string: drbxjhqp9gfgxxtkl4
94
original string: five2twotklsixfour
54
original string: 9four9
99
original string: 2jkeightthreekbqbkffpsztwonine
29
original string: 3vtffqfkfh9onenine4rqxm7two
32
original string: 4hlxllh7nrlxcpnrrcfivebkfkjdfjbksnine1
41
original string: drgsb3four
34
original string: fourhscfkzkjfcdlsjgjrbmlvvcfgcmxtsixjlhfrfmk8
48
original string: ncrkhfive1eight1
51
original string: 8fz3zkhgleight9tqsgnbfoureight
88
original string: 5six26twoone3two
52
original string: ptksmjfkl5twothree4fpshnrcfrmqxeight1
51
original string: jfkccclrrr49four6eighttwo5
45
original string: threefourgj7eight6
36
original string: 73slt1one5
75
original string: six1zrlfk
61
original string: 5six17
57
original string: qrsix7sixonexmclfz2
62
original string: 3fivethreebplrfgklj
33
original string: xz9sixhlt4eightone
91
original string: gkknnbzkt6ffourvrjbfkqz8threesevenn
67
original string: 2onenine9
29
original string: czsgh1five4qtxmtfksln
14
original string: eight6fourhpppr
84
original string: lpshxfqsddeightqrfgrdn1five6bnr
86
original string: 5lmmlszndzfoureightqdbhlt7
57
original string: 9eight5
95
original string: 8sixrpctqfgf9dm95znhx
85
original string: 1sixsix6qpmqmtwolh8
18
original string: six4threenine2four982
62
original string: 8jbthree59nine
89
original string: q5
55
original string: 9twosixone9fivehdsvpkttbkcjdbkone
91
original string: sixsix4cldngone3four
64
original string: 9mvsggrgone9gjhfzdmvqbnqzlxgpckg
99
original string: gmtqnkdlfv8
88
original string: 8seven7rxtzksl74four
84
original string: bmrtbjzqhbgzcjtwo74fourfourlvj
24
original string: twoone4five3twoljrznhdcggone
21
original string: 42nine1eightseven
47
original string: 45fiveoneseven6
46
original string: mxfoursixone8coned5
45
original string: sntmhcsix633seven
67
original string: eighttwolrcrl5four
84
original string: p22
22
original string: 1vspmvx
11
original string: cpcsx9xgqlmblhshvnsix2hnczvdrrg
92
original string: grgtvsqdtslml4tlqrh
44
original string: hshgmv3
33
original string: fivethree63m3one
51
original string: 95threecdfhqtmqb
93
original string: xjvd14dnfrjthqxvvq1xmqfhv7
17
original string: eightnzx48nkqhfssix
86
original string: 8nzvck4hpfxbstf6fivesix
86
original string: 4drxbsxgtskqtlnhgrrrz
44
original string: 6foureightonezbpdbqflp5one88
68
original string: twofivefbhfourone4cpnrc79
29
original string: 5trhksixfivesix2k7
57
original string: 25three
23
original string: 1phc9zhhn
19
original string: five8ptkczvqk87gkr8
58
original string: six61eightfourjjzrktr
64
original string: 4gxrqrrvkshnpgnrjg2threekpcrfn
43
original string: 7bclvsb1glbpss
71
original string: 2eighthdbvxpz
28
original string: 439
49
original string: 3drtsf2two
32
original string: ninenine8hqqmfvddgspzdsnine7
97
original string: xzrjqdlrp2threedrhjztbsvg4mmqvchlhlp3
23
original string: 99threesixzpgxnseven5one
91
original string: 2hvst
22
original string: twohvrvp164one
21
original string: 1nine9seven1eight8
18
original string: dfkdzprs95
95
original string: zthree925fourf
34
original string: kssmqhkonetwozcjgvjgxzr3gfdcvgm
13
original string: bbsqsix6
66
original string: onefour9seven73
13
original string: onesevenx1ncpgtczseightssevenone
11
original string: 419d43dzjlvn
43
original string: ninefourb6threezgqvmzklghgsj1
91
original string: 7crdxpfkcmtqvbvkk3
73
original string: 8rvp2p
82
original string: gnvrlsfjxtfssqz8two6dcfive
85
original string: jgtwoneoneseven7oneoneeight
28
original string: dfsccdclmffourpsqggngjzn3
43
original string: 22brtxbtkkdfmkbmv
22
original string: sixxlpxqdtwo7
67
original string: six8mrvhptlfbmczlnfqrgbvz5d
65
original string: 84fiveeightsix8
88
original string: nine5rzqxp99gmklplmxtveightwombf
92
original string: seventhree7
77
original string: mfklcxxbhpqsdt2one1
21
original string: two7seven2
22
original string: 63sevenpmdzdrkzjkjzgnnseightjztlvzqhx55
65
original string: 8twosmrgbzzgmjbnthree
83
original string: twosksrj4mk
24
original string: onethreeseven4eight
18
original string: 2kjldqzszg7twolfivethree
23
original string: 3qdnbnzglheightjtnlqqqt5
35
original string: 6l4vddmkphgmb3vcbsbgclkzhmmtmfour
64
original string: sixvtzmppfssl35eightqc
68
original string: six924lt5
65
original string: 5sixnmmeight7
57
original string: mkggvlrdhkjxcr9jcs2fhsptxhj3
93
original string: nineggh1
91
original string: qzzckckm3
33
original string: hxgjhxthreetwo3x4
34
original string: 7qonejntfsvpcftwogxkvpvbj
72
original string: 2twoqlg3
23
original string: 1sixhvsclvhshbr
16
original string: seven8tffqvgs
78
original string: twobktthxfqqthree38
28
original string: 397
37
original string: lpm9six31seven
97
original string: 75nrrfxrj
75
original string: 8sixfour
84
original string: ccfbzbjjqlgkbqnxhgd2
22
original string: 7eighttbrtddvbvrtmxjeight5nine1
71
original string: sixfourvbjv5six61two
62
original string: sixff4dskpsqsrcd7
67
original string: three5five8
38
original string: 8sixthreethree6
86
original string: oneeight7cdjxfmfjbpbjlsevenjgthreexh
13
original string: ninetwo4xdxmxpmd86
96
original string: eight312
82
original string: pmvgbvn8seven
87
original string: djrftlbzvfxjjgrh37bmfkone
31
original string: ksf53onefourfive6
56
original string: 7vzqrmklveightnine
79
original string: two55eight69
29
original string: kbjprbkcgpskbnthree6gznqk5fkttt
35
original string: 22three37bvmsmjmx
27
original string: zpchdzmbjhzl1five26threesix
16
original string: 2onetdppvzcbzfive29four35
25
original string: 66one9clqlkbqpfdqkkxv
69
original string: lql5four
54
original string: two41sevenseventhreeone1seven
27
original string: fiverbkxdczfive6smlnbgn6sevensix
56
original string: lpveightwoeight9two4frfz54
84
original string: twohfkvxqrninesix1
21
original string: 6twosix
66
original string: 9ninefive47
97
original string: sixsixrjznqb33sevenhkl
67
original string: one5nineeight48zqkhjgqlcq
18
original string: foureight4seven83
43
original string: zzoneightvcnhxlmgjp4ctclzzztwo46six
16
original string: 2gljzksrvdr21ms
21
original string: eight75twofive
85
original string: threexdsbjrf6
36
original string: lhvrfb3925six
36
original string: fgrlrvpnctkdblxvzone2tsxst43
13
original string: zpnbvs5foursevensevenjleight
58
original string: five89seven4seven
57
original string: 5rnntxqsngssixonefb3fourdglmstvmft
54
original string: tmvldx3eight163
33
original string: hmnvbpr6516
66
original string: 3jfqshjf
33
original string: 9vgpgcflbbonejhmlncrrjvxdcshdflktr
91
original string: vgjmhqnvghc718sevencfdzknkhonesix
76
original string: dlzrjfklp3chqxjdpdrv
33
original string: eightseven4tcbdhrgssmpvxsxszxrmpzrt7
87
original string: five416sixp2
52
original string: 2threefourj
24
original string: hmzoneightmvrksbxbjkvpslkv1tlxxkzsgdseven86four
14
original string: pzleightwo774five5
85
original string: dvsmtwokrzscgnvztznqh9
29
original string: 6chqttwo
62
original string: 67sn3dfdeight55
65
original string: 4oneightqd
48
original string: jhlhcjnd6sixqptqlmrskfive1
61
original string: 9mfxbvb138zxngghqs43
93
original string: 2srctwohfplclone928j
28
original string: 7eightsdsxsskkd8five82
72
original string: gccnsvpnfg1195nine
19
original string: 8584threethreeskzkfpdhz7
87
original string: prhhdpfivenine5fsskx5eight7
57
original string: 9nzhbn7mvczcqcfive7tslfive
95
original string: vqxseven5seven4332
72
original string: 95sevenninefive
95
original string: eightzdnddmlrpbxnvxglqnqnr334hpjrl
84
original string: one6three
13
original string: 13dhjftxnp5k
15
original string: 92threeone3seven
97
original string: ncsfdmmft2eightmlfxxdbv
28
original string: four3ninethzh
49
original string: 31five9ksssbdqzlfive
35
original string: twokghhrljdc72
22
original string: two6fourdktfpddftwoseven
27
original string: zgr3bdfqvnkdvpcntkrcfnhpnpdrtkzpthree
33
original string: 9rnpxdtkbhjbjnf
99
original string: 1247lqdnsgnp3xtdxnbxkrthfhsrm
13
original string: sevendcdbr38ninebljxshxdzqcknvld
79
original string: six3gpngxvdqlnrf9gjqjvzeight
68
original string: twogfxctgnb4sixqzdmhc2sevenbq
27
original string: sevenpjmrj2skcc5
75
original string: eightsix9threemxtx13zczqvtvsix
86
original string: 1tmgrhxzfql9lbpgscnmlcghptbtmpfgct
19
original string: 2foursdhmtqmfjlf77
27
original string: bmgttpr2eight177six9three
23
original string: 1nmbnkszc
11
original string: three14six1lnlfpfmfhm9
39
original string: eight4four6five46nine
89
original string: 26sevengdnoneeightfive
25
original string: vhz1fivejzjqnfgrpfbgfz11nlx
11
original string: 4jnkzktpninejc
49
original string: ninefourone1five2four3
93
original string: cljtfplrgbv6fsrlfxqmxhtwo75two
62
original string: 41htzjlzsdbg
41
original string: hfnvdnninezhhbsmxfour3ninesevenhdnflzlt
97
original string: 8vlshckcch57
87
original string: 28tsbvgmzd
28
original string: qccgcsqb5trsvmmdtninehbgsxqjftrvsix7
57
original string: 3eightkfqlsone
31
original string: fgoneightsix4eighteight4one
11
original string: 8csdgpcbfjbmsixmjztbrqdj5
85
original string: 9two152
92
original string: onevseven1
11
original string: vfsjtpzttxdrfive6
56
original string: 69mdbtdnqgxjmzt
69
original string: threemgzspvnvsjone7eightjxssg5
35
original string: threelfslcjhhgmfftmftfzsix3qs57
37
original string: onejhskmbxcqpkxjxh4threeeightseven
17
original string: hhvgnineeight8xrtvmqjnkccdptpvqxlrdkkgljmbnzx
98
original string: onezvj2threej5dlnrcbhfxlkkmkpx
15
original string: ninepmgbdcvpds3onefive2
92
original string: 9tblnmmeight1xdmtwo
92
original string: cnczmrhjmmcsccnine54
94
original string: 2fourggjjrxckgvsevencpkgqzzfnptwofivefive
25
original string: 61threexnrhqbhxb9
69
original string: seven14
74
original string: 32seven
37
original string: 4cqtssgd3vdxbnllfb2
42
original string: smbqxbxgmeightthreeonedsfxfronec2nine
89
original string: 3145fvqz2
32
original string: bgdgbptnr9dqmvvckb
99
original string: tpt2ndklfgxtthree
23
original string: four16vztcgtwo5xkjmp5
45
original string: 59onelp
51
original string: ztwone9cnvbtpglsq78
28
original string: 4rmmhxpqsknxhgqmlh9tfzfngqsnbqdmsgtcjsbntr
49
original string: 4x6lcmrxhhkcscxgxtgpjz33seven
47
original string: cnzlsqbvk8sbbzphzkhmeightfive58
88
original string: twofour7
27
original string: jcsgmrgeightcpzbb8135
85
original string: 4grxpsix7hgrrhtjvgq68zzbvsn
48
original string: qc6
66
original string: sgxdninevmmzqdkqmjxpksixfckbjjkgqtwoseven8
98
original string: 6lhfcjc9
69
original string: zkpkjn18six51
11
original string: xtnhzzxceight6seventhree27
87
original string: qttwone3seven5
25
original string: threeone8ksgt9
39
original string: 8fqkddzb
88
original string: nine3sixbprlvxpniner
99
original string: dmbvmrthreefcrqvmhp54neightcz3
33
original string: twosl6fdtwokrqrqtwo6eight
28
original string: 8dkrshdpj8threer
83
original string: 27snqfjdg
27
original string: nine7mdsonenine
99
original string: threefive2twotktc9
39
original string: 1twoninesjgqjxphhnineeightthree7
17
original string: xxlcmbnctsszkjdhfzqbdr2szvkmscnrg
22
original string: tcmsnine6ct
96
original string: 2tqmkfmc
22
original string: sevenpmceighteight1
71
original string: hnnthreefourknjznt5nine
39
original string: 5fhjvttdmzdpkjdsgnpqxlxfninepgrsns
59
original string: psxzzdkspgmgnnhkzt6fsdmfour
64
original string: 1lkb
11
original string: seventwo2dglxkrlvgthree
73
original string: seven27kzhnknqltvkbxrtvtwo
72
original string: 7frmrdctninefive
75
original string: 61twoninebbsbqsbhtxmxkffspd
69
original string: 3nlzgzlntrk965nine8ljpj
38
original string: 3pfxjjvcg42lzlkzfs
32
original string: 7pkztnine54bq
74
original string: sixxbxvgsknjxsix4nine3
63
original string: fourvbch2cdrsrxzh9
49
original string: one1f4mtvslfczm
14
original string: 456bkzhmxlmhfmkgxrmkbmvhhpmsfk8six
46
original string: one9rmbvtdp5oneeightfive8
18
original string: 67zh4
64
original string: 83hdqrsxfc2twoninekksg
89
original string: 1gzmqcrtksixseven81three
13
original string: two6threefour2
22
original string: nine4rcmbhmhsttgqzfjdm
94
original string: jg63
63
original string: twofour3one1
21
original string: 5eight1eightqdmgtszxvx26nine
59
original string: 482three9seven
47
original string: cxdjmjsk1mgqsqkkbq97fourqflf
14
original string: bvfplgzj69pqfcpglsix6
66
original string: v3458fourcpqkn
34
original string: seven769sevenfive9
79
original string: dztdmlkjgonejjpxrsevennineninepkc3
13
original string: 4ninehvgninethree
43
original string: tnvgjhzr6
66
original string: sevenfour5nineshrsknbbxxsgztrl
79
original string: four4flpgsixshxxtmnvxfivensznine3
43
original string: 73cfxzzsfourzqghjqvkbf7six8qgcd
78
original string: fgqk133t
13
original string: vjbzpkvsxkoneoneeighteightfive1zrvgqbf
11
original string: 9six6ntrmhtkgrj
96
original string: fournrrmxldk24mxhsevenfive
45
original string: 8fiveninenine25ninenine
89
original string: seven1xb3vbzbqkjdvseightfive6qs
76
original string: five8dgqkhldbsfthree7
57
original string: six11three5zeight
68
original string: hgmqhchrdfivevmftjcgtl5
55
original string: oneonesix2bzfsqvkmjzbdq1
11
original string: fourx5threethree3mxhgtnine
49
original string: hzeightwozfcpkjvfour3three9b
89
original string: 1oneseven
17
original string: hmdtcxld4fdgfgdbjlsevenzrkmnftsevenvsqc
47
original string: sevengzpnkfn1sevenjcbfxbg8six
76
original string: 2sqjnbtskft5
25
original string: fknxnxg9944hvtxj
94
original string: nine3951
91
original string: 94sixqslqtxleight
98
original string: 1zpbxc3
13
original string: sixddscq1zxsvgbjnqjj6zknkfczj6fxcqmf
66
original string: threetfvhftlzjn72sevenljtwobhgvvsttg
32
original string: doneighttwo3vm
13
original string: llhzdtwovbxr2
22
original string: onemjkvtbsix39eight88
18
original string: lhzgpqmhm4ptmcxhseven4eightcrvnqzplrnb6
46
original string: 3tqljjnx47sixsixmxqbflxjp1
31
original string: tkvdxbbsdpkdjl3gtnmjdxhrj5
35
original string: qgnnghvnkppvvnine8
98
original string: 89sixeighthmhsvbsg
88
original string: 67hqvxtmq
67
original string: fiveeighteight7cfmdmfhdld
57
original string: nnsxvrgpeightjvcfj3fjeight27
87
original string: 8ninefourfourcjrbxone
81
original string: 1bx482
12
original string: pponeight1seventllldzgdvgcdmr
17
original string: tworrjfkmntbvkpseven4jnrllr4
24
original string: ninesixsix9
99
original string: csv2ninesixtwo3
23
original string: 9vzrvg9twokbjcnvcghthreeskfpgssbdxq
93
original string: foureight6133rszlz2zvxdx
42
original string: 6jfklqcdrgm
66
original string: 3sixhds1kgfvzknhthreefive
35
original string: fbgnjqhnghssthzshktxll7rqnhjqjb
77
original string: 5xjkchhffgz2
52
original string: threexjkeight86
36
original string: three8eightztthtfvzdxthreethree
33
original string: gdxjvzlktltseight5
85
original string: twomxfqrxqkrjhs4
24
original string: fiveeightnine1ninekhrjbmqhmpjqxtqsjpzbbvnbbzmfour
54
original string: nxnrqtsplonefive6zrthree
13
original string: 8fivejmr1lzbdmvdpdrhvsthpvone2
82
original string: 2sdfs1threejjxvjxp
23
original string: jhkeightskq7
87
original string: 1eightfive4
14
original string: fivefqpmq7twoeightkggxgvrbmbhjdzrmn
58
original string: 5twozrcnf9fourtmxjtkmfiveone
51
original string: hghfivedpgntxbpndqm4
54
original string: twodzbplxm9xlgvnmfvxh7oneightzvm
28
original string: 77eightsixxlvkzfive3
73
original string: qrgz7
77
original string: eightkdcvchgfourqtrtxtnzeighteightseven1
81
original string: 69onefivetwoone6
66
original string: 2onetwothree81qvsmzxpvmpbgsd
21
original string: 263383seven3rrmskzfgcj
23
original string: threeeightthreesixnzgkggflxfour3
33
original string: ggk6two2sixeight
68
original string: eighteightseven8nine9six
86
original string: pzthreenine2nine
39
original string: 5threefivecpxfjoneightjcn
58
original string: mdmhone4ninesix92two7
17
original string: nm2twoonerqvckjtxjlzvldq
21
original string: 6fourzxgncsixninenine4ninethree
63
original string: xxflpfeight5nine13qsgrqvsz8
88
original string: 1threeseven4mvfzm653
13
original string: eight23three7dkgdxkrk
87
original string: 9lqvhv115threezmcnbplgfzjlqmgrpjn
93
original string: 2pgphcxbglfive5vtldzlrrnx
25
original string: dshlq2zcqhzssbdseven5twothree
23
original string: eightpvqcqnsprhtvlh5
85
original string: 789sixtwo3
73
original string: eighttmzkfzksd39sevensix8six
86
original string: bkk5two
52
original string: gkgqxksdpn78
78
original string: 577gnmbvzf7
57
original string: rcfl6foureight4mszdbmkl8one
61
original string: 17n
17
original string: fvnkgxqlpflmmnf8eightsix3twokgj
82
original string: lh84twosvptcklvt
82
original string: 62one
61
original string: lmlbfcxpdqlmeight94nineknk
89
original string: threenine5three4qqhtfkg
34
original string: 3nine8threetwoc5ninecxcc
39
original string: sgxrhdonefcpone1tsb
11
original string: oneqjkppzkpmzcgqv7nine
19
original string: lfngqdlhone4rhfsrgdldl5mrpvzr9
19
original string: vvvhfbz52eighttbbr
58
original string: 9threethree
93
original string: cnntzjvnplnineeightzdmtsx6
96
original string: 4ninefourdndsvnbthree
43
original string: 3zbt3nine28
38
original string: 1seventhreedfggtfvvsngszlsix3
13
original string: six13nine14
64
original string: 9gjzdmdzssixone
91
original string: nnxbmrdmjdhrjnhktlprtbvknninefive3662
92
original string: 6rrmxmfm479tcxmvk
69
original string: ninedfchdzxbmlrjkckkjpqqxchz58
98
original string: three22sixeightrbzmdlfztwo
32
original string: jqljmhxgmfxkgsevenone77ffour
74
original string: 9xbphsix
96
original string: onetwo271sixninek
19
original string: sevenbdxtwofivexscbkflmkncvh7
77
original string: jxlqvscdjz7six62
72
original string: six4five
65
original string: eightsevensixone7eight
88
original string: five4five9
59
original string: btsjninegdrcbxdrgmmg23q
93
original string: 67mqtphlkhtp
67
original string: 3drdmqx77
37
original string: 8twoninenine
89
original string: eightfcng16kzgtfzbdfxbltn113
83
original string: fc68
68
original string: 3rkqrhlskj8one8
38
original string: eightqtkls21five99
89
original string: 41clcg5qmfkdkq6snghpone
41
original string: pdmnvqhg8vjrvlld9ninexcglqpgm62
82
original string: 7one4two2ninencplhmrztsqjgt
79
original string: 6cvdc
66
original string: 2sixone76eighthqrlmfxzk
28
original string: six512nrsstwoeight
68
original string: 2fourfourqlctwo
22
original string: sixb23seven3eightcbmvk
68
original string: jxthree1bvtwombbmcdbsbf
32
original string: eightzdqnjbjzd9sevenflcqqflk
87
original string: four88sixtwotnmzrltlnineoneddrsxk
41
original string: 9six5
95
original string: 5ninegfhvsqblftwogmmfgddncqfmqjtqvbc6
56
original string: 9svv5jlfbrvpntgpqkkg68
98
original string: khglrpxfqqfour4
44
original string: qkfour1sixfnpzxkdzr
46
original string: 22onefivemhsxvhllnzr2
22
original string: 1onehpdqbrklhg
11
original string: bs6sjsndrz2
62
original string: 8five9
89
original string: ninetwo3five5xmpkzrnqzq5
95
original string: 2797two2
22
original string: 91tdmpxtrkfourq7fourcvtbmsk
94
original string: four82
42
original string: three3sjgxtp86eightwof
32
original string: sszzthsixvrdbglczld3
63
original string: four1fourfour5sqknhn
45
original string: vlhzqfbht8px7kznvtffourq
84
original string: jshqhczgr3
33
original string: 4two1fvvxdfms
41
original string: seight3fghflv
83
original string: tgqdzsdzdthree787
37
original string: 45nrdlxtqggcseveneight
48
original string: 87tkbsmfvhl5five3zqx
83
original string: 6rmpdxvrlszpjtqmhcd
66
original string: fourtwothree49346eightwohq
42
original string: 9kkgdv
99
original string: ndoneightsevenfive8
18
original string: threeonecc63pvgxd7
37
original string: ctwone8zbxbf
28
original string: foursevenrpkshs75two8one
41
original string: 2jsvxtrrkjxjzxmh
22
original string: nkf8three
83
original string: gzbplsixeight86lxpcrzxpbx7seven
67
original string: 5pzpfs
55
original string: six12ssffeightfourfivefive
65
original string: one2four71
11
original string: 5onebhrjgrrltbsix
56
original string: hclv99two89nsfdfour4
94
original string: 8qk8fbflndsix9
89
original string: lmvcprone16
16
original string: rknqlczt15thqlpvk4pgllfmsix16
16
original string: seven8jgpq427sixtwo1eightwokb
72
original string: nine8xgghnfive
95
original string: nineeight7ninefourrtbtd
94
original string: threetwothbdmvtcrjgsm3fivehdqlxtxnkdstgs
35
original string: 4sevenfourvrqfkhspbkqjcxjkjfniner
49
original string: 5three69mzqfqrhrjdqhbpmscz
59
original string: 478kj1
41
original string: 5bhcrpjtvjsxpskmscxclpzxkzc8five
55
original string: sevenhlxgzntwo4knxtcqscdone1
71
original string: three5dmjg
35
original string: ssxtz342sevenfivefive7
37
original string: 84two9vsqlbh5fivefour
84
original string: 4fiveninetwo
42
original string: 8cqz
88
original string: twoptxmcmnsbgrrndfdgtwo2ppglmzcfour
24
original string: hdqfnlzrscveight5plplhvbg
85
original string: sevenmgxjzjtwonine5
75
original string: 2thfbhzjsdk
22
original string: jmzsvtqjxmgstbqctdv8qc
88
original string: gv8glpnsixninesxhzbmfqxkqfd8eightwonj
82
original string: 88vsqztnhst
88
original string: sixgf2sssrzvqlsm9one26twonedzq
61
original string: 4five611one
41
original string: sixdvbsctpqbqfive6
66
original string: one3c
13
original string: xcnkrcdxtfivefour3nine
59
original string: 7srqvlkftzztpgrfive2threesix3gtzcnfdvs
73
original string: 3hqsevenlzgbf
37
original string: cggclvfppfive1dgnnqgzqzsdhdpbg
51
original string: noneight9tktnzqnttwo9fivenine
19
original string: 2nfourfourmmfltjvxzfivezfntcxfctqsdckcjl
25
original string: htzvlsixsix8twoone
61
original string: 91xnrqfdqsbrvf6sixtfour
94
original string: hvtwonenzqnine9fourvtcdndzptfourx
24
original string: sixfiverp8fourbnfgnlkqld
64
original string: 1728
18
original string: 18nineonejhbvdbm22jgrbsgf
12
original string: 2rcpqxgsix8fivebscvblxzcmbztrlsx
25
original string: 9threetwoeightxbsrxpjns4zkpztwo
92
original string: six6sixfive
65
original string: zpqjsckrcztv5
55
original string: 3nvsixdnmfqplqtqpq9
39
original string: onesixeightthree6nine74
14
original string: 66sdh
66
original string: 235lmnrgxztt2nctntsgfive57
27
original string: fivegnzfnbfpvnl72fournine
59
original string: 3jrfive9srqvsxxfz
39
original string: vs4threeeighttwotrcpphdq
42
original string: zlfcpfptwoninescshbtcdv58sixrkxfour
24
original string: eightfour8
88
original string: 4onesfkbnnfsevensix
46
original string: fourhjsbvjgqhrvtdvmrzrtsixpglhrlcrrkr2
42
original string: fourthreedczqpjskdsqnnhczhdc47
47
original string: 3sevenfourtwobn
32
original string: 3fivesix1
31
original string: 4qbtlplbl25
45
original string: 66grjtlgsbflfjbcdmdnnine6
66
original string: 1rbszctwo7pkmvsixsevenoneightqc
18
original string: snpvmbppvtwofiveeight1rnmfkrsfbhs
21
original string: 5frcvcsixmlhfcv
56
original string: 2nbd
22
original string: 557sevengrvxddpdgfzsqsqx6three
53
original string: five41lrlkdmhsbjq
51
original string: eight3vzzgspkgqh4eighteightstthdqm
88
original string: vqctjspmq9
99
original string: four12clqrgts
42
original string: 45two8zv
48
original string: c4xklll3
43
original string: four3hhfivedtj
45
original string: six55two3
63
original string: gxdttwo256
26
original string: njthree45
35
original string: 7threevl5174
74
original string: bkvcbfournine6seven
47
original string: four8jjg
48
original string: 725rgkxrztbhjmsbxgvc2
72
original string: ninetjqd48
98
original string: xbpthl9x
99
original string: 1sbf8seven
17
original string: qfsbld6five7four18
68
original string: 9kvbcnlctngbthqlbqlbfhttmf51
91
original string: 98eight3vfcxzbsvfour4one
91
original string: tlbpdxbglrcqppkcb6two6rbffxpzmnntpdr
66
original string: fivevgnzjkjcfeight7twozvseven
57
original string: vjmdjsrl8onetrnlgsclrfmpvkdblfourktwonet
81
original string: tvvkszfvnineeightninetwo9
99
original string: 2twollqsbnconescjjj
21
original string: one23qz
13
original string: nine2vbglpdpvfhrqp8eight
98
original string: threeone7seven
37
original string: vxxone8onetbgplp3
13
original string: two1mlqrfour7
27
original string: ninezdkbvkbonetmzxgszqxdnttkgsgqd7eight
98
original string: vrfbzcfourfivenlgmvktszpthreepqkgfnjfc9rfmkxbv
49
original string: ninezhsfngmbc5fivers
95
original string: tzjxrncfnine1cglgmnmxhssevenbdmxfjtg
97
original string: sevenseventwo5five9seventhreeflvgdbstfr
73
original string: 7rggpvgkmone
71
original string: 1veight
18
original string: 41vk7two5
45
original string: 7onetwoone6
76
original string: kvm25nine
29
original string: onekzcjprtxbncpqchpxpvtttvgmqfour3pxpcmfourtwo
12
original string: chrrlnddfivefive5
55
original string: ttvnlchqz8hrxhmgqrfour9rmkkdlr14
84
original string: 5jcmdfnldlq
55
original string: 6431khcknnine7
67
original string: onegtmzngkqgfggfmhxshnzltdbkvmkjjvnfpkclhxntvngvlnqd3
13
original string: q4fzzrpt
44
original string: cllbnine5
95
original string: six18ddmk22six
66
original string: 2knsdjp2nphnonesevenfive
25
original string: vqjkllm1threemfrnlvrmjzzsnhmxsxtwosgxjgjcqrtwo
12
original string: six4onefhpxkpnqfivekbxhmxtbx
65
original string: djsptzspn3eighthb9nthreelhpzd
33
original string: twofdvrmxrcmfive27zdcssbvcsthree
23
original string: 5eight5ptfgcnthree1zjvkk3l
53
original string: 3one8two
32
original string: bsdphtbdfour1twosevensevensix92
42
original string: four7six4smppkbtwo4
44
original string: 87dpqjbbtwo78662
82
original string: 1ninefour8four32
12
original string: 232spbt1jfzfourthree
23
original string: 3cxxkqldtwosevenninetwomcdvls7
37
original string: 5seven7pgnkdjgckfive
55
original string: rvmfpjs2threespszkcvfklpdhtmbnseven2seventjrhx
27
original string: eightfive3twonbxs5
85
original string: 3frglvrm32
32
original string: 19778gmtrsjkcrdqlptpjzg
18
original string: zpvskbdztrone5eight3sixnmcpdshrgblddrht
16
original string: 7seven2tdnblk782eight
78
original string: mjjldone2cqmlmmzxbt
12
original string: hfponeightoneplk66threezzklrkrmvronekhqsrnvm
11
original string: lghjkgdssfour423sevensix
46
original string: sevenfmqtwo1onecmrhrzhl
71
original string: dmpf2fivethxhpss27jn
27
original string: 2lnpfrdfour6x
26
original string: onetpztmmfr2
12
original string: 66qlzhrrlchcxznsjrfxqxkone
61
original string: 9fivenlzrgm
95
original string: mstbglvtxnzlnhjrltwo238bsfourczkvctl
24
original string: zkz6dcdsfgssl8b
68
original string: cgnqsdeighteightfourhnpkdvggdsixfour3
83
original string: 96xschgpnlktsix4eight537
97
original string: 31c
31
original string: 4smrxzzpvqmrxhmltcmgq8zrxftd38
48
original string: onemncsrqlklxdx9ngpbxhxpk7
17
original string: gzr2sevenhjsczr5twoqsmhj
22
original string: nkfh4eight9gzpkvvxjsqfjbt
49
original string: two2nine
29
original string: cxxqmzfnm3mbsmltpkpfour6fourfrjjcztt5
35
original string: lxnqtpzldptcvnlcggonehndzmx7863
13
original string: 3fmgl36lbcvrrczdfqdss
36
original string: fourfour4xjxgmnctwothree
43
original string: nineseveneightgrdvffkntwo948
98
original string: fouronenine8
48
original string: 8xfktsxszhn53
83
original string: 6onedgffr57
67
original string: krmvzbhctztlpfour9fcmdscctdhsf535
45
original string: fbjgdrzxv1four573vljtseven
17
original string: 8three9ngrjrhh
89
original string: 1gqfoneninegzpbjtbd74
14
original string: 6vkf
66
original string: 9eightzmfsbxqttg1one
91
original string: 56k9ninerqprllq
59
original string: jnhlpkbxvm6three6seventwonegp
61
original string: j929
99
original string: sevensixnxgbtfksix5fbdvgkbd77
77
original string: 39sevencpdcbnshpcsevenhggbcthree1znldhfngnk
31
original string: 618fourtzfrql
64
original string: kldcjxktwo5fivetwoninehsbmrgtn
29
original string: msvjzqteightthree3
83
original string: 2xtvr581xsbctkfftjprmb
21
original string: seven13dvstp848dsbllng
78
original string: sevencqhmth7tdshrtrphx9
79
original string: three2eight8six6
36
original string: fourprlhnl7vczqdtl8bjmncrrfpzk
48
original string: 5four1one5
55
original string: seventhreethknine5
75
original string: two6vqgpzvmhlhfourklvxvhmnlqnmrhknstwo
22
original string: 4bvxhmfz2bktbfltj
42
original string: nk9
99
original string: xjb713vmxzcfxl3ninegkjrcq
79
original string: rrmplxeight1znine
89
original string: zsjgngpfourfoureighttwo1
41
original string: 99twojqzlggpseven
97
original string: eightfivetwo7
87
original string: 8ninevlkxsptd2ninenine
89
original string: 4hrzzjxp26sixpxjxphmkpc8
48
original string: vlqsf4ntssmfrz
44
original string: eight93tflqhb9two76six
86
original string: ttxfgqtrfournine9pqqgd
49
original string: 7274mmjgcssvrsix
76
original string: 1threesix5dmkdtjsmptthreeqgfgsix
16
original string: msrtbbschxmvcm2ctprdlnkdzthree
23
original string: dztlvgn3two
32
original string: h7crsblhtp
77
original string: seven5eight7qrgxlninethreetwobbsjdbxcvt
72
original string: 2hfbeight
28
original string: eightrdlfourtwo3vzrlsbcjndnineone
81
original string: ljxbtvhztkkb4three94fiveeight
48
original string: 3fourkbpmpctthreetwovzhgq
32
original string: 6xznbcgdmng
66
original string: 3jl5zlkbjpeight1tvmrqdlk
31
original string: 23sjvtghccsevenninesixzlhgzqtkhb
26
original string: xptf34eightp4cdqcv
34
original string: gfneighthvf3nine
89
original string: threeeightthreenineninethreetwoone5
35
original string: 9nine22qdfzgbdsd7two
92
original string: gfourtwotbxddnxzc2
42
original string: four84gxllvp76four
44
original string: t86
86
original string: nheightwofive525two
82
original string: hh115
15
original string: lqvxpsxthreethreefive34three
33
original string: sgvqhjqdvtzfnine6bgjcbn2tqrvgfmdtdbh
92
original string: nine2seventwop
92
original string: 7hllxxndzggvsrsh9zrktwoone2rxqczzbqpx
72
original string: s2one574
24
original string: 9fourseventzqfseven
97
original string: 62six1jdqcnqm4sixjsjvnx
66
original string: five6fpktwo1l3
53
original string: five1d2
52
original string: fbnoneightknthree6
16
original string: 4fbtxqsix6dxpjclhtlk
46
original string: 8vggprkfjrpqz8hhlvffmfiveone8
88
original string: rz29eightfghseven
27
original string: two9four98cgmntgcncsmppz
28
original string: bmrvhsz4twotwo
42
original string: 1oneeightthreeeightfourtwo
12
original string: fivethreefvz9rzvzdqxqbmtxcnqc
59
original string: 3oneqvseight56lkxjk
36
original string: 6l99six
66
original string: dsevenninefour48kjs
78
original string: 1sixxvrsevenone7
17
original string: lpmdghtcdj3nine28g77glk
37
original string: tnkhrdone1hhtfzhnz
11
original string: 4cpzzht
44
original string: foursixlmtmvrptqonejmssjldcnz8one
41
original string: 1bnd5slzddmkmvthreep4three
13
original string: 7jlrm
77
original string: seventhree3
73
original string: vmjsix8sevenktbrxnftfour
64
original string: gmczxbkcgsixseven6six
66
original string: 9oneone2hhnj8
98
original string: bbpeightjbtp4qfpks2four
84
original string: twoeight3
23
original string: 7mqnzkddm3hrqvhdvzgvgbnfcjtfour
74
original string: 4onesixgkcsix
46
original string: chmkonenine1btgnldh
11
original string: dpxzrthkjzdfkgpkdfvxveight5
85
original string: hxlfiveeight6
56
original string: 3xlkg23fivethreesixeightksmc
38
original string: nfourrjdqx4four6
46
original string: ptzrcdzthreer3phpkqlftwo24
34
original string: five7sevenjpjmmppfive
55
original string: 11sevenfivezcglsdkhqffivethreeseven5
15
original string: 4eight5mjlkzrgnmlnmxntqmtlxmqlkjccttcpmgznfouroneightk
48
original string: 1oneightx
18
original string: 25fivevhtpblpfthreefour2xrzsix
26
original string: eightfour41four8fiveone3
83
original string: pxmrbcqt22vfvzvvp4seven3
23
original string: 3zqbqnnonesxtgz9eightonepqnld
31
original string: d2six5dmlqczzrtp79brzzq
29
original string: nine48
98
original string: ninevbjkjcd11qhtvb
91
original string: six4nine1four2three5
65
original string: lcnvnxgzssonethree5mnvlsevenclrcpxbjbzvhlj9
19
original string: 8onethree6n1
81
original string: 98ddgtwov6nzvjzsscd
96
original string: bklvmzjrqgfqx7
77
original string: 5eight95ninetwo8
58
original string: qcrgbmzlztvtzrsjsixmvps2
62
original string: jsnmkd9seveneight
98
original string: mkdzj28twohhmkctnsix
26
original string: kb38sixttdhv9three
33
original string: 8eightninetwo
82
original string: twoppvc7
27
original string: sixfour5sj6cdfjsskfb
66
original string: 242p28mxh8zrkvzp
28
original string: sixnine5kqqrhxms
65
original string: 21sixfivepmspvnbscjc
25
original string: threetjgcjpvflndq98
38
original string: sgonefivefive8
18
original string: nine5sevenfouronedsqpkgpthbeight3hrfdmcql
93
original string: 1sixkhqpcv5
15
original string: bsnnone3
13
original string: 46sevenbnfsgnjldbtjnsjlmhvjrp8sevenx
47
original string: twotwosevenonelzlpnmkdqq2rqthff
22
original string: sixfournbzqfhff6jdlfhpt974
64
original string: 5sixnvs2trqprv
52
original string: nine8ninefourninelgcxntninektmhgjqrpd1
91
original string: hsjmpqkpkqzjnmgbz2nine6four
24
original string: 6two7jzfivethree25four
64
original string: twobxtwosixfbhj5prfntlmfour
24
original string: 4lfsevenxsvvlmbzcnprsix
46
original string: 45lxtrdvsgfzzcmzjz7ninenvcvc
49
original string: qfzvfthree9
39
original string: sevenlxfzcsevenseven4
74
original string: sjpqvfmx9twonep
91
original string: qsljtpgdprjbkgzcnv5seveneightseven
57
original string: zmhdkvltbxv3qftmt143
33
original string: 5sevennh68
58
original string: sevenfour6rg
76
original string: 1sixonesixfournbbz9hfeight
18
original string: sevensevenfour265one
71
original string: 88sixtwo
82
original string: one5rcczjeightknjeight
18
original string: qgftwohszlmfgjnn7
27
original string: xbtcpx3htlseven
37
original string: 7tnmvjdj4zlltljq8pdlnfghnd
78
original string: jcpcgznmmnine4ninenine
99
original string: zvdsbmlvn5four555
55
original string: threejpnbcbttggm9onefour4vtjhdfjsnz
34
original string: 7x7
77
original string: veightone1
81
original string: eightjlkckhqjfonesix94twoeightvggdqxgcn
88
original string: 2two2fdzkxgfour9sjtfourvxklldpvjm
24
original string: 849ndjngjhs65hgvdbcxps
85
original string: fiveeightsevenseventfqzdxnhxkxgmnqmdjmxmdc35
55
original string: 4sevenqnhvszlfour
44
original string: seightwozbjkfsgk5three1tcpbshgfzeightfive
85
original string: fourgxmqgpgbtwo4
44
original string: 4nine9
49
original string: twokfvsvfgdtmtwom2xlkjseven
27
original string: 9one43ninedrtznff
99
original string: zlfive98rfpmnsevennljlhbxhcn
57
original string: lmfgxfdsevenchrkbhxlrrssbcqqf7fivectglcvrsrg8
78
original string: 6twofive3two
62
original string: mchm6
66
original string: mbvtbcjvv33rqfsllshb
33
This is the answer: 54249
